00:38:36.181 [main] INFO  testCases.TC_Share - ***Validating the share options***
00:38:49.212 [main] INFO  testCases.TC_HyperLinks - ***Test case HyperLinks is started***
00:39:00.488 [main] INFO  testCases.TC_HyperLinks - ***getting hyperlinks***
00:39:00.556 [main] INFO  testCases.TC_HyperLinks - ***Validating the share options***
00:39:00.579 [main] INFO  testCases.TC_HyperLinks - ***Validating the share options***
00:39:00.602 [main] INFO  testCases.TC_HyperLinks - ***Validating the share options***
00:39:00.624 [main] INFO  testCases.TC_HyperLinks - ***Validating the share options***
00:39:00.646 [main] INFO  testCases.TC_HyperLinks - ***Validating the share options***
00:39:08.683 [main] INFO  testCases.TC_HyperLinks - ***getting hyperlinks***
00:39:26.422 [main] INFO  testCases.TC_HyperLinks - ***getting hyperlinks***
00:39:26.467 [main] INFO  testCases.TC_HyperLinks - ***Validating the share options***
00:39:26.488 [main] INFO  testCases.TC_HyperLinks - ***Validating the share options***
00:39:34.643 [main] INFO  testCases.TC_HyperLinks - ***getting hyperlinks***
00:39:34.684 [main] INFO  testCases.TC_HyperLinks - ***Validating the share options***
00:39:34.705 [main] INFO  testCases.TC_HyperLinks - ***Validating the share options***
00:39:34.725 [main] INFO  testCases.TC_HyperLinks - ***Validating the share options***
00:39:52.828 [main] INFO  testCases.TC_likeAndViews - ***Test case likeAndViews is started***
00:40:04.111 [main] INFO  testCases.TC_likeAndViews - ***Scroll***
00:40:12.184 [main] INFO  testCases.TC_likeAndViews - ***Printing Number of likes***
00:40:17.302 [main] INFO  testCases.TC_likeAndViews - ***Printing Number of views***
00:40:25.321 [main] INFO  testCases.TC_likeAndViews - ***Scroll***
00:40:33.374 [main] INFO  testCases.TC_likeAndViews - ***Printing Number of likes***
00:40:38.472 [main] INFO  testCases.TC_likeAndViews - ***Printing Number of views***
00:40:46.714 [main] INFO  testCases.TC_likeAndViews - ***Scroll***
00:40:54.767 [main] INFO  testCases.TC_likeAndViews - ***Printing Number of likes***
00:40:59.863 [main] INFO  testCases.TC_likeAndViews - ***Printing Number of views***
00:41:07.925 [main] INFO  testCases.TC_likeAndViews - ***Scroll***
00:41:15.995 [main] INFO  testCases.TC_likeAndViews - ***Printing Number of likes***
00:41:21.091 [main] INFO  testCases.TC_likeAndViews - ***Printing Number of views***
20:55:08.493 [main] INFO  org.testng.internal.Utils - [TestNG] Running:
  C:\Users\2318420\eclipse-workspace\CasprojectFramework\test01.xml

20:55:15.144 [main] INFO  testCases.TC_UserDetailss - *****Starting TC_UserDetailsTest*****
20:55:20.156 [main] INFO  testCases.TC_UserDetailss - ***Test case 1 is started***
20:55:30.418 [main] INFO  testCases.TC_UserDetailss - ***user icon is clicked***
20:55:35.421 [main] INFO  testCases.TC_UserDetailss - ***getting user name***
20:55:40.514 [main] INFO  testCases.TC_UserDetailss - ***getting user mail***
20:55:48.011 [main] INFO  testCases.TC_NewsValidation - ***Test case NewsValidation is started***
20:55:53.049 [main] INFO  testCases.TC_NewsValidation - Validating news are displayed or not...
20:55:53.094 [main] INFO  testCases.TC_NewsValidation - All news items are displayed on the news display page
20:55:58.944 [main] INFO  testCases.TC_NewsTooltipValidation - ***Test case NewsTooltipValidation is started***
20:56:04.541 [main] INFO  testCases.TC_NewsTooltipValidation - Validating news header and tooltip
20:56:10.878 [main] INFO  testCases.TC_News_Data - ***Test case NewsData is started***
20:56:18.081 [main] INFO  testCases.TC_News_Data - ***getting news list***
20:56:21.262 [main] INFO  testCases.TC_News_Data - ***getting news list***
20:56:24.111 [main] INFO  testCases.TC_News_Data - ***getting news list***
20:56:27.428 [main] INFO  testCases.TC_News_Data - ***getting news list***
20:56:36.400 [main] INFO  testCases.TC_AssociateDetails - ***Test case AssociateDetails is started***
20:56:44.452 [main] ERROR testCases.TC_AssociateDetails - ***Hovering to associate details***
20:56:59.788 [main] INFO  testCases.TC_AssociateDetails - ***Validating the associate details***
20:57:01.716 [main] ERROR testCases.TC_AssociateDetails - ***Hovering to associate details***
20:57:17.034 [main] INFO  testCases.TC_AssociateDetails - ***Validating the associate details***
20:57:18.737 [main] ERROR testCases.TC_AssociateDetails - ***Hovering to associate details***
20:57:34.011 [main] INFO  testCases.TC_AssociateDetails - ***Validating the associate details***
20:57:35.704 [main] ERROR testCases.TC_AssociateDetails - ***Hovering to associate details***
20:57:50.980 [main] INFO  testCases.TC_AssociateDetails - ***Validating the associate details***
20:57:58.949 [main] INFO  testCases.TC_Share - ***Test case Share is started***
20:58:27.890 [main] INFO  testCases.TC_HyperLinks - ***Test case HyperLinks is started***
20:58:41.057 [main] INFO  testCases.TC_HyperLinks - ***getting hyperlinks***
